<?xml version="1.0" encoding="UTF-8"?>
<testng-results ignored="0" total="3" passed="3" failed="0" skipped="0">
  <reporter-output>
  </reporter-output>
  <suite started-at="2022-12-16T03:11:13 IST" name="Default suite" finished-at="2022-12-16T03:11:24 IST" duration-ms="10969">
    <groups>
    </groups>
    <test started-at="2022-12-16T03:11:13 IST" name="Default test" finished-at="2022-12-16T03:11:24 IST" duration-ms="10969">
      <class name="com.nest.scripts.TestClass">
        <test-method is-config="true" signature="initialization()[pri:0, instance:com.nest.scripts.TestClass@158da8e]" started-at="2022-12-16T03:10:58 IST" name="initialization" finished-at="2022-12-16T03:11:13 IST" duration-ms="14745" status="PASS">
          <reporter-output>
          </reporter-output>
        </test-method> <!-- initialization -->
        <test-method signature="ValidLoginVerification()[pri:0, instance:com.nest.scripts.TestClass@158da8e]" started-at="2022-12-16T03:11:13 IST" name="ValidLoginVerification" finished-at="2022-12-16T03:11:18 IST" duration-ms="4445" status="PASS">
          <reporter-output>
          </reporter-output>
        </test-method> <!-- ValidLoginVerification -->
        <test-method signature="ValidHomeVerification()[pri:1, instance:com.nest.scripts.TestClass@158da8e]" started-at="2022-12-16T03:11:18 IST" name="ValidHomeVerification" finished-at="2022-12-16T03:11:21 IST" duration-ms="2711" status="PASS">
          <reporter-output>
          </reporter-output>
        </test-method> <!-- ValidHomeVerification -->
        <test-method signature="ValidAddEmpVerification()[pri:2, instance:com.nest.scripts.TestClass@158da8e]" started-at="2022-12-16T03:11:21 IST" name="ValidAddEmpVerification" finished-at="2022-12-16T03:11:24 IST" duration-ms="3601" status="PASS">
          <reporter-output>
          </reporter-output>
        </test-method> <!-- ValidAddEmpVerification -->
      </class> <!-- com.nest.scripts.TestClass -->
    </test> <!-- Default test -->
  </suite> <!-- Default suite -->
</testng-results>
