<?xml version="1.0" encoding="UTF-8"?>
<!-- Generated by org.testng.reporters.JUnitXMLReporter -->
<testsuite ignored="0" hostname="NTP-LAP-868" failures="0" tests="3" name="Default test" time="10.969" errors="0" timestamp="2022-12-16T03:11:24 IST">
  <testcase classname="com.nest.scripts.TestClass" name="ValidLoginVerification" time="4.445"/>
  <testcase classname="com.nest.scripts.TestClass" name="ValidHomeVerification" time="2.711"/>
  <testcase classname="com.nest.scripts.TestClass" name="ValidAddEmpVerification" time="3.601"/>
</testsuite> <!-- Default test -->
